
> water-tap-management@0.1.0 dev
> next dev --turbopack

   ▲ Next.js 15.3.4 (Turbopack)
   - Local:        http://localhost:3000
   - Network:      http://192.168.8.200:3000
   - Environments: .env.local

 ✓ Starting...
 ✓ Ready in 578ms
 ○ Compiling / ...
Error: Cannot apply unknown utility class `border-border`. Are you using CSS modules or similar and missing `@reference`? https://tailwindcss.com/docs/functions-and-directives#reference-directive
    [2m[at onInvalidCandidate (/Users/srikanth/Documents/LP Management/water-tap-management/node_modules/tailwindcss/dist/lib.js:18:1312)][0m
    [2m[at ge (/Users/srikanth/Documents/LP Management/water-tap-management/node_modules/tailwindcss/dist/lib.js:13:29803)][0m
    [2m[at /Users/srikanth/Documents/LP Management/water-tap-management/node_modules/tailwindcss/dist/lib.js:18:373][0m
    [2m[at I (/Users/srikanth/Documents/LP Management/water-tap-management/node_modules/tailwindcss/dist/lib.js:3:1656)][0m
    [2m[at je (/Users/srikanth/Documents/LP Management/water-tap-management/node_modules/tailwindcss/dist/lib.js:18:172)][0m
    [2m[at bi (/Users/srikanth/Documents/LP Management/water-tap-management/node_modules/tailwindcss/dist/lib.js:35:780)][0m
    [2m[at process.processTicksAndRejections (node:internal/process/task_queues:105:5)][0m
    [2m[at async yi (/Users/srikanth/Documents/LP Management/water-tap-management/node_modules/tailwindcss/dist/lib.js:35:1123)][0m
    [2m[at async _r (/Users/srikanth/Documents/LP Management/water-tap-management/node_modules/@tailwindcss/node/dist/index.js:10:3384)][0m
    [2m[at async p (/Users/srikanth/Documents/LP Management/water-tap-management/node_modules/@tailwindcss/postcss/dist/index.js:10:4019)][0m
 ✓ Compiled / in 1211ms
 GET / 200 in 1348ms
 GET / 200 in 50ms
 ✓ Compiled /api/proxy in 186ms
 GET /api/proxy?endpoint=/dashboard 200 in 479ms
 GET / 200 in 45ms
 GET /api/proxy?endpoint=/dashboard 200 in 201ms
Error: Cannot apply unknown utility class `border-border`. Are you using CSS modules or similar and missing `@reference`? https://tailwindcss.com/docs/functions-and-directives#reference-directive
    [2m[at onInvalidCandidate (/Users/srikanth/Documents/LP Management/water-tap-management/node_modules/tailwindcss/dist/lib.js:18:1312)][0m
    [2m[at ge (/Users/srikanth/Documents/LP Management/water-tap-management/node_modules/tailwindcss/dist/lib.js:13:29803)][0m
    [2m[at /Users/srikanth/Documents/LP Management/water-tap-management/node_modules/tailwindcss/dist/lib.js:18:373][0m
    [2m[at I (/Users/srikanth/Documents/LP Management/water-tap-management/node_modules/tailwindcss/dist/lib.js:3:1656)][0m
    [2m[at je (/Users/srikanth/Documents/LP Management/water-tap-management/node_modules/tailwindcss/dist/lib.js:18:172)][0m
    [2m[at bi (/Users/srikanth/Documents/LP Management/water-tap-management/node_modules/tailwindcss/dist/lib.js:35:780)][0m
    [2m[at process.processTicksAndRejections (node:internal/process/task_queues:105:5)][0m
    [2m[at async yi (/Users/srikanth/Documents/LP Management/water-tap-management/node_modules/tailwindcss/dist/lib.js:35:1123)][0m
    [2m[at async _r (/Users/srikanth/Documents/LP Management/water-tap-management/node_modules/@tailwindcss/node/dist/index.js:10:3384)][0m
    [2m[at async p (/Users/srikanth/Documents/LP Management/water-tap-management/node_modules/@tailwindcss/postcss/dist/index.js:10:4019)][0m
 ✓ Compiled in 154ms
 ✓ Compiled / in 6ms
 ⚠ Fast Refresh had to perform a full reload when ./src/app/page.tsx changed. Read more: https://nextjs.org/docs/messages/fast-refresh-reload
 GET / 200 in 52ms
 GET / 200 in 45ms
 GET / 200 in 33ms
Proxy API error: Error: AWS API responded with status: 403
    at GET (src/app/api/proxy/route.ts:22:12)
  20 |
  21 |     if (!response.ok) {
> 22 |       throw new Error(`AWS API responded with status: ${response.status}`);
     |            ^
  23 |     }
  24 |
  25 |     const data = await response.json();
 GET /api/proxy?endpoint=assets 500 in 227ms
 GET / 200 in 62ms
 GET /api/proxy?endpoint=assets 200 in 294ms
 ✓ Compiled in 9ms
 GET / 200 in 100ms
 GET /api/proxy?endpoint=assets 200 in 181ms
Error: Cannot apply unknown utility class `border-border`. Are you using CSS modules or similar and missing `@reference`? https://tailwindcss.com/docs/functions-and-directives#reference-directive
    [2m[at onInvalidCandidate (/Users/srikanth/Documents/LP Management/water-tap-management/node_modules/tailwindcss/dist/lib.js:18:1312)][0m
    [2m[at ge (/Users/srikanth/Documents/LP Management/water-tap-management/node_modules/tailwindcss/dist/lib.js:13:29803)][0m
    [2m[at /Users/srikanth/Documents/LP Management/water-tap-management/node_modules/tailwindcss/dist/lib.js:18:373][0m
    [2m[at I (/Users/srikanth/Documents/LP Management/water-tap-management/node_modules/tailwindcss/dist/lib.js:3:1656)][0m
    [2m[at je (/Users/srikanth/Documents/LP Management/water-tap-management/node_modules/tailwindcss/dist/lib.js:18:172)][0m
    [2m[at bi (/Users/srikanth/Documents/LP Management/water-tap-management/node_modules/tailwindcss/dist/lib.js:35:780)][0m
    [2m[at process.processTicksAndRejections (node:internal/process/task_queues:105:5)][0m
    [2m[at async yi (/Users/srikanth/Documents/LP Management/water-tap-management/node_modules/tailwindcss/dist/lib.js:35:1123)][0m
    [2m[at async _r (/Users/srikanth/Documents/LP Management/water-tap-management/node_modules/@tailwindcss/node/dist/index.js:10:3384)][0m
    [2m[at async p (/Users/srikanth/Documents/LP Management/water-tap-management/node_modules/@tailwindcss/postcss/dist/index.js:10:4019)][0m
[?25h
